INFO:root:avg_epoch_loss:0.29700006327187034, epoch:0
INFO:root:avg_epoch_loss:0.18062761711879524, epoch:1
INFO:root:avg_epoch_loss:0.15448130350729797, epoch:2
INFO:root:avg_epoch_loss:0.1325122798597695, epoch:3
INFO:root:avg_epoch_loss:0.12358199835876654, epoch:4
INFO:root:avg_epoch_loss:0.1258607136968829, epoch:5
INFO:root:avg_epoch_loss:0.12035589097039406, epoch:6
INFO:root:avg_epoch_loss:0.10992222860183759, epoch:7
INFO:root:avg_epoch_loss:0.11132128206916765, epoch:8
INFO:root:avg_epoch_loss:0.10199238253491265, epoch:9
INFO:root:avg_epoch_loss:0.10448370067159274, epoch:10
INFO:root:avg_epoch_loss:0.0991821410459973, epoch:11
INFO:root:avg_epoch_loss:0.09046121176592666, epoch:12
INFO:root:avg_epoch_loss:0.08315912177248386, epoch:13
INFO:root:avg_epoch_loss:0.09100503305760198, epoch:14
INFO:root:avg_epoch_loss:0.08792995324352683, epoch:15
INFO:root:avg_epoch_loss:0.0887096798709823, epoch:16
INFO:root:avg_epoch_loss:0.08758787222568931, epoch:17
INFO:root:avg_epoch_loss:0.08878712556084284, epoch:18
INFO:root:avg_epoch_loss:0.0893740771723328, epoch:19
INFO:root:avg_epoch_loss:0.08067286869448731, epoch:20
INFO:root:avg_epoch_loss:0.080171919770335, epoch:21
INFO:root:avg_epoch_loss:0.08053470881355751, epoch:22
INFO:root:avg_epoch_loss:0.08241506150320715, epoch:23
INFO:root:avg_epoch_loss:0.07884111786317816, epoch:24
INFO:root:avg_epoch_loss:0.08794969427866414, epoch:25
INFO:root:avg_epoch_loss:0.08710302403026847, epoch:26
INFO:root:avg_epoch_loss:0.081048298445969, epoch:27
INFO:root:avg_epoch_loss:0.08023349303287938, epoch:28
INFO:root:avg_epoch_loss:0.08399812004169432, epoch:29
INFO:root:avg_epoch_loss:0.07586624547216396, epoch:30
INFO:root:avg_epoch_loss:0.08108291498988324, epoch:31
INFO:root:avg_epoch_loss:0.0831841111358674, epoch:32
INFO:root:avg_epoch_loss:0.07730840054258568, epoch:33
INFO:root:avg_epoch_loss:0.07776367074688245, epoch:34
INFO:root:avg_epoch_loss:0.07411817802925874, epoch:35
INFO:root:avg_epoch_loss:0.07837043767780813, epoch:36
INFO:root:avg_epoch_loss:0.07851106366057707, epoch:37
INFO:root:avg_epoch_loss:0.07591670780445486, epoch:38
INFO:root:avg_epoch_loss:0.07627604006277255, epoch:39
INFO:root:avg_epoch_loss:0.07866740394185515, epoch:40
INFO:root:avg_epoch_loss:0.07791756153797397, epoch:41
INFO:root:avg_epoch_loss:0.07113853171269627, epoch:42
INFO:root:avg_epoch_loss:0.07571197625555347, epoch:43
INFO:root:avg_epoch_loss:0.07731329632985284, epoch:44
INFO:root:avg_epoch_loss:0.08064482943650256, epoch:45
INFO:root:avg_epoch_loss:0.07963024193667283, epoch:46
INFO:root:avg_epoch_loss:0.07561196333878761, epoch:47
INFO:root:avg_epoch_loss:0.07614404689817827, epoch:48
INFO:root:avg_epoch_loss:0.07415727582847909, epoch:49
INFO:root:avg_epoch_loss:0.07270230512816946, epoch:50
INFO:root:avg_epoch_loss:0.0771304450866888, epoch:51
INFO:root:avg_epoch_loss:0.0749764928260201, epoch:52
INFO:root:avg_epoch_loss:0.07656492084536509, epoch:53
INFO:root:avg_epoch_loss:0.07371386257495652, epoch:54
INFO:root:avg_epoch_loss:0.07311675059793116, epoch:55
INFO:root:avg_epoch_loss:0.07523578690297018, epoch:56
INFO:root:avg_epoch_loss:0.0679206745699048, epoch:57
INFO:root:avg_epoch_loss:0.07554555379312859, epoch:58
INFO:root:avg_epoch_loss:0.07607310262047275, epoch:59
INFO:root:avg_epoch_loss:0.06837890112325323, epoch:60
INFO:root:avg_epoch_loss:0.07519889961840376, epoch:61
INFO:root:avg_epoch_loss:0.06895979856902389, epoch:62
INFO:root:avg_epoch_loss:0.07376595074523207, epoch:63
INFO:root:avg_epoch_loss:0.07151966162328821, epoch:64
INFO:root:avg_epoch_loss:0.07296097039819714, epoch:65
INFO:root:avg_epoch_loss:0.06898885339747628, epoch:66
INFO:root:avg_epoch_loss:0.0792196792391862, epoch:67
INFO:root:avg_epoch_loss:0.07434841158154412, epoch:68
INFO:root:avg_epoch_loss:0.07472293652129844, epoch:69
INFO:root:avg_epoch_loss:0.06796223282429041, epoch:70
INFO:root:avg_epoch_loss:0.07566729716894338, epoch:71
INFO:root:avg_epoch_loss:0.06881685826239547, epoch:72
INFO:root:avg_epoch_loss:0.07341875826747449, epoch:73
INFO:root:avg_epoch_loss:0.0684838745428821, epoch:74
INFO:root:avg_epoch_loss:0.07631708900047902, epoch:75
INFO:root:avg_epoch_loss:0.074446135804929, epoch:76
INFO:root:avg_epoch_loss:0.07278877415476327, epoch:77
INFO:root:avg_epoch_loss:0.07051555170588433, epoch:78
INFO:root:avg_epoch_loss:0.06660474487226513, epoch:79
INFO:root:avg_epoch_loss:0.07337881669990923, epoch:80
INFO:root:avg_epoch_loss:0.06970324521490845, epoch:81
INFO:root:avg_epoch_loss:0.07971025230702704, epoch:82
INFO:root:avg_epoch_loss:0.06927783194204684, epoch:83
INFO:root:avg_epoch_loss:0.06823053891631833, epoch:84
INFO:root:avg_epoch_loss:0.07435382848696098, epoch:85
INFO:root:avg_epoch_loss:0.0710111106816668, epoch:86
INFO:root:avg_epoch_loss:0.06812505267764297, epoch:87
INFO:root:avg_epoch_loss:0.07168193448527424, epoch:88
INFO:root:avg_epoch_loss:0.07166102293476825, epoch:89
INFO:root:avg_epoch_loss:0.06916755477906315, epoch:90
INFO:root:avg_epoch_loss:0.07409690126088819, epoch:91
INFO:root:avg_epoch_loss:0.07606158657197623, epoch:92
INFO:root:avg_epoch_loss:0.07145001686788179, epoch:93
INFO:root:avg_epoch_loss:0.06579322846377082, epoch:94
INFO:root:avg_epoch_loss:0.07517635671840839, epoch:95
INFO:root:avg_epoch_loss:0.06632973733400546, epoch:96
INFO:root:avg_epoch_loss:0.06714837796176504, epoch:97
INFO:root:avg_epoch_loss:0.07251499565657919, epoch:98
INFO:root:avg_epoch_loss:0.07191851756911963, epoch:99
INFO:root:avg_epoch_loss:0.07412908559149885, epoch:100
INFO:root:avg_epoch_loss:0.07614012548309329, epoch:101
INFO:root:avg_epoch_loss:0.07268036214640437, epoch:102
INFO:root:avg_epoch_loss:0.06604100607539383, epoch:103
INFO:root:avg_epoch_loss:0.06928732698941802, epoch:104
INFO:root:valid_avg_epoch_loss0.1483962804079056, epoch:104
INFO:root:best loss is updated to 0.1483962804079056 at 104
INFO:root:avg_epoch_loss:0.07190034545301303, epoch:105
INFO:root:avg_epoch_loss:0.07589954626958784, epoch:106
INFO:root:avg_epoch_loss:0.07132142707337498, epoch:107
INFO:root:avg_epoch_loss:0.06842842433703525, epoch:108
INFO:root:avg_epoch_loss:0.07250554282515448, epoch:109
INFO:root:valid_avg_epoch_loss0.15115518793463706, epoch:109
INFO:root:avg_epoch_loss:0.06821167363153946, epoch:110
INFO:root:avg_epoch_loss:0.07298127983238174, epoch:111
INFO:root:avg_epoch_loss:0.06969619021074433, epoch:112
INFO:root:avg_epoch_loss:0.06904047758015591, epoch:113
INFO:root:avg_epoch_loss:0.07180782486783698, epoch:114
INFO:root:valid_avg_epoch_loss0.14749260917305945, epoch:114
INFO:root:best loss is updated to 0.14749260917305945 at 114
INFO:root:avg_epoch_loss:0.07051776384079891, epoch:115
INFO:root:avg_epoch_loss:0.07164181980494082, epoch:116
INFO:root:avg_epoch_loss:0.06825369597189015, epoch:117
INFO:root:avg_epoch_loss:0.06888143574581185, epoch:118
INFO:root:avg_epoch_loss:0.06657925006044649, epoch:119
INFO:root:valid_avg_epoch_loss0.14959997162222863, epoch:119
INFO:root:avg_epoch_loss:0.0694513587687323, epoch:120
INFO:root:avg_epoch_loss:0.06925953905902078, epoch:121
INFO:root:avg_epoch_loss:0.07167119642798887, epoch:122
INFO:root:avg_epoch_loss:0.06959654723993279, epoch:123
INFO:root:avg_epoch_loss:0.07310120583905366, epoch:124
INFO:root:valid_avg_epoch_loss0.15364657565951348, epoch:124
INFO:root:avg_epoch_loss:0.06863845528264766, epoch:125
INFO:root:avg_epoch_loss:0.06544565421169607, epoch:126
INFO:root:avg_epoch_loss:0.06390951280935037, epoch:127
INFO:root:avg_epoch_loss:0.07006208411499994, epoch:128
INFO:root:avg_epoch_loss:0.06475905797339546, epoch:129
INFO:root:valid_avg_epoch_loss0.15131178498268127, epoch:129
INFO:root:avg_epoch_loss:0.06899821715454903, epoch:130
INFO:root:avg_epoch_loss:0.06542197408262176, epoch:131
INFO:root:avg_epoch_loss:0.07050592341958503, epoch:132
INFO:root:avg_epoch_loss:0.06469085339759689, epoch:133
INFO:root:avg_epoch_loss:0.07104488338505154, epoch:134
INFO:root:valid_avg_epoch_loss0.15232223346829415, epoch:134
INFO:root:avg_epoch_loss:0.06442964544355598, epoch:135
INFO:root:avg_epoch_loss:0.07270491402454697, epoch:136
INFO:root:avg_epoch_loss:0.06808511791312019, epoch:137
INFO:root:avg_epoch_loss:0.06902539437229102, epoch:138
INFO:root:avg_epoch_loss:0.06840479596147149, epoch:139
INFO:root:valid_avg_epoch_loss0.14901865646243095, epoch:139
INFO:root:avg_epoch_loss:0.07110076784198724, epoch:140
INFO:root:avg_epoch_loss:0.06333626766114477, epoch:141
INFO:root:avg_epoch_loss:0.0645454239841879, epoch:142
INFO:root:avg_epoch_loss:0.07146735250310106, epoch:143
INFO:root:avg_epoch_loss:0.06477201070868634, epoch:144
INFO:root:valid_avg_epoch_loss0.1476748026907444, epoch:144
INFO:root:avg_epoch_loss:0.06253271264492571, epoch:145
INFO:root:avg_epoch_loss:0.06865887089539036, epoch:146
INFO:root:avg_epoch_loss:0.06857773436142817, epoch:147
INFO:root:avg_epoch_loss:0.06753989076666465, epoch:148
INFO:root:avg_epoch_loss:0.06930084225203627, epoch:149
INFO:root:valid_avg_epoch_loss0.15563097596168518, epoch:149
INFO:root:avg_epoch_loss:0.0644976828561524, epoch:150
INFO:root:avg_epoch_loss:0.0629240896341909, epoch:151
INFO:root:avg_epoch_loss:0.06569320963211583, epoch:152
INFO:root:avg_epoch_loss:0.06335847477441353, epoch:153
INFO:root:avg_epoch_loss:0.06818304744217896, epoch:154
INFO:root:valid_avg_epoch_loss0.1461581125855446, epoch:154
INFO:root:best loss is updated to 0.1461581125855446 at 154
INFO:root:avg_epoch_loss:0.06403930000621134, epoch:155
INFO:root:avg_epoch_loss:0.061386900079241274, epoch:156
INFO:root:avg_epoch_loss:0.06488085780462595, epoch:157
INFO:root:avg_epoch_loss:0.06180508507806298, epoch:158
INFO:root:avg_epoch_loss:0.06102225535809654, epoch:159
INFO:root:valid_avg_epoch_loss0.14443782791495324, epoch:159
INFO:root:best loss is updated to 0.14443782791495324 at 159
INFO:root:avg_epoch_loss:0.06955615124568955, epoch:160
INFO:root:avg_epoch_loss:0.05830911656354744, epoch:161
INFO:root:avg_epoch_loss:0.06351529273818782, epoch:162
INFO:root:avg_epoch_loss:0.058008800674014725, epoch:163
INFO:root:avg_epoch_loss:0.05801466527666704, epoch:164
INFO:root:valid_avg_epoch_loss0.14429429024457932, epoch:164
INFO:root:best loss is updated to 0.14429429024457932 at 164
INFO:root:avg_epoch_loss:0.0634047671923227, epoch:165
INFO:root:avg_epoch_loss:0.06586465849484513, epoch:166
INFO:root:avg_epoch_loss:0.060564838560711376, epoch:167
INFO:root:avg_epoch_loss:0.057849860232815964, epoch:168
INFO:root:avg_epoch_loss:0.06180747303726735, epoch:169
INFO:root:valid_avg_epoch_loss0.1452254220843315, epoch:169
INFO:root:avg_epoch_loss:0.060686203437407236, epoch:170
INFO:root:avg_epoch_loss:0.06161348400552585, epoch:171
INFO:root:avg_epoch_loss:0.0612791935081019, epoch:172
INFO:root:avg_epoch_loss:0.0581474066641193, epoch:173
INFO:root:avg_epoch_loss:0.054827102231382645, epoch:174
INFO:root:valid_avg_epoch_loss0.1450531892478466, epoch:174
INFO:root:avg_epoch_loss:0.05983026803748563, epoch:175
INFO:root:avg_epoch_loss:0.05990122813564416, epoch:176
INFO:root:avg_epoch_loss:0.06352608083070774, epoch:177
INFO:root:avg_epoch_loss:0.05960808550984256, epoch:178
INFO:root:avg_epoch_loss:0.05996966855437707, epoch:179
INFO:root:valid_avg_epoch_loss0.14161202684044838, epoch:179
INFO:root:best loss is updated to 0.14161202684044838 at 179
INFO:root:avg_epoch_loss:0.06308262201739435, epoch:180
INFO:root:avg_epoch_loss:0.05996522531097353, epoch:181
INFO:root:avg_epoch_loss:0.05506238400494527, epoch:182
INFO:root:avg_epoch_loss:0.05877891056328774, epoch:183
INFO:root:avg_epoch_loss:0.060973571326815745, epoch:184
INFO:root:valid_avg_epoch_loss0.14371803626418114, epoch:184
INFO:root:avg_epoch_loss:0.0653636833818454, epoch:185
INFO:root:avg_epoch_loss:0.05724130643426942, epoch:186
INFO:root:avg_epoch_loss:0.05757966535668367, epoch:187
INFO:root:avg_epoch_loss:0.058215300261685594, epoch:188
INFO:root:avg_epoch_loss:0.062484835550517384, epoch:189
INFO:root:valid_avg_epoch_loss0.14358311295509338, epoch:189
INFO:root:avg_epoch_loss:0.06004614611849823, epoch:190
INFO:root:avg_epoch_loss:0.062149962249684707, epoch:191
INFO:root:avg_epoch_loss:0.06003857423101289, epoch:192
INFO:root:avg_epoch_loss:0.0610079976749864, epoch:193
INFO:root:avg_epoch_loss:0.05591790405835243, epoch:194
INFO:root:valid_avg_epoch_loss0.14415418207645417, epoch:194
INFO:root:avg_epoch_loss:0.059537930348972964, epoch:195
INFO:root:avg_epoch_loss:0.061222870761987194, epoch:196
INFO:root:avg_epoch_loss:0.057401223654510586, epoch:197
INFO:root:avg_epoch_loss:0.06234989248748336, epoch:198
INFO:root:avg_epoch_loss:0.06223536408110027, epoch:199
INFO:root:valid_avg_epoch_loss0.14371241331100465, epoch:199
INFO:root:model_name=
INFO:root:rmse_total=32.009922354145644
INFO:root:mae_total=16.708124628970022
INFO:root:batch_no=1
INFO:root:rmse_total=25.49530540927198
INFO:root:mae_total=12.951716229041443
INFO:root:batch_no=2
INFO:root:rmse_total=20.97823406471606
INFO:root:mae_total=10.581737182420968
INFO:root:batch_no=3
INFO:root:rmse_total=17.951003409873646
INFO:root:mae_total=9.210591798225398
INFO:root:batch_no=4
INFO:root:rmse_total=17.657663699129557
INFO:root:mae_total=9.120874587782664
INFO:root:batch_no=5
INFO:root:rmse_total=17.630251835897067
INFO:root:mae_total=9.102330119989968
INFO:root:batch_no=6
INFO:root:RMSE=17.630251835897067
INFO:root:MAE=9.102330119989968
INFO:root:CRPS=0.10110546413220857
